<?xml version="1.0" encoding="UTF-8"?>
<!-- Generated by org.testng.reporters.JUnitReportReporter -->
<testsuite skipped="0" hostname="DESKTOP-RCDUI6V" name="testRunners.TestRunner" tests="2" failures="0" timestamp="01 Nov 2022 03:48:05 GMT" time="62.024" errors="0">
  <testcase name="scenario" time="35.930" classname="testRunners.TestRunner"/>
  <testcase name="scenario" time="26.094" classname="testRunners.TestRunner"/>
</testsuite> <!-- testRunners.TestRunner -->
